{"level":"info","message":"Starting Customer Service...","timestamp":"2025-06-28T16:53:43.688Z"}
{"level":"info","message":"NODE_ENV: development","timestamp":"2025-06-28T16:53:43.690Z"}
{"level":"info","message":"API_PORT: 5000","timestamp":"2025-06-28T16:53:43.690Z"}
{"level":"info","message":"API_GATEWAY_URL: http://localhost:4000","timestamp":"2025-06-28T16:53:43.691Z"}
{"level":"info","message":"CORS_ORIGINS: http://localhost:4000, https://2f67-102-91-4-93.ngrok-free.app","timestamp":"2025-06-28T16:53:43.691Z"}
{"level":"info","message":"LOG_DIR: ./logs","timestamp":"2025-06-28T16:53:43.691Z"}
{"level":"info","message":"REDIS_URL: redis:<redacted>@localhost:6379","timestamp":"2025-06-28T16:53:43.691Z"}
{"level":"info","message":"Loading static Swagger JSON from ./swagger.json","timestamp":"2025-06-28T16:53:43.711Z"}
{"level":"error","message":"Unhandled Rejection at: [object Promise], reason: ReplyError: NOAUTH Authentication required.","timestamp":"2025-06-28T16:53:44.540Z"}
{"level":"info","message":"Stopping notification worker","timestamp":"2025-06-28T16:53:44.542Z"}
{"level":"info","message":"Starting Customer Service...","timestamp":"2025-06-28T17:09:44.949Z"}
{"level":"info","message":"NODE_ENV: development","timestamp":"2025-06-28T17:09:44.950Z"}
{"level":"info","message":"API_PORT: 5000","timestamp":"2025-06-28T17:09:44.951Z"}
{"level":"info","message":"API_GATEWAY_URL: http://localhost:4000","timestamp":"2025-06-28T17:09:44.951Z"}
{"level":"info","message":"CORS_ORIGINS: http://localhost:4000, https://2f67-102-91-4-93.ngrok-free.app","timestamp":"2025-06-28T17:09:44.951Z"}
{"level":"info","message":"LOG_DIR: ./logs","timestamp":"2025-06-28T17:09:44.951Z"}
{"level":"info","message":"REDIS_URL: redis:<redacted>@localhost:6379","timestamp":"2025-06-28T17:09:44.952Z"}
{"level":"info","message":"Loading static Swagger JSON from ./swagger.json","timestamp":"2025-06-28T17:09:44.966Z"}
{"level":"info","message":"Stopping notification worker","timestamp":"2025-06-28T17:09:45.602Z"}
{"level":"info","message":"Starting Customer Service...","timestamp":"2025-06-28T17:12:12.122Z"}
{"level":"info","message":"NODE_ENV: development","timestamp":"2025-06-28T17:12:12.123Z"}
{"level":"info","message":"API_PORT: 5000","timestamp":"2025-06-28T17:12:12.124Z"}
{"level":"info","message":"API_GATEWAY_URL: http://localhost:4000","timestamp":"2025-06-28T17:12:12.124Z"}
{"level":"info","message":"CORS_ORIGINS: http://localhost:4000, https://2f67-102-91-4-93.ngrok-free.app","timestamp":"2025-06-28T17:12:12.125Z"}
{"level":"info","message":"LOG_DIR: ./logs","timestamp":"2025-06-28T17:12:12.125Z"}
{"level":"info","message":"REDIS_URL: redis:<redacted>@localhost:6379","timestamp":"2025-06-28T17:12:12.125Z"}
{"level":"info","message":"Loading static Swagger JSON from ./swagger.json","timestamp":"2025-06-28T17:12:12.140Z"}
{"isOpen":true,"isReady":true,"level":"info","message":"Redis client status","timestamp":"2025-06-28T17:12:12.774Z","url":"redis:<redacted>@localhost:6379"}
{"level":"error","message":"Start server attempt 1/3 failed: Can't reach database server at `localhost:5432`\n\nPlease make sure your database server is running at `localhost:5432`.","rawError":"{\"clientVersion\":\"6.10.1\",\"errorCode\":\"P1001\",\"name\":\"PrismaClientInitializationError\"}","stack":"PrismaClientInitializationError: Can't reach database server at `localhost:5432`\n\nPlease make sure your database server is running at `localhost:5432`.\n    at r (/Users/funmishonubi/Downloads/Quicrefil_backend-main 2/CustomerServices/node_modules/.prisma/client/runtime/library.js:115:2565)\n    at startServer (/Users/funmishonubi/Downloads/Quicrefil_backend-main 2/CustomerServices/src/index.ts:429:7)\n    at main (/Users/funmishonubi/Downloads/Quicrefil_backend-main 2/CustomerServices/src/index.ts:483:5)","timestamp":"2025-06-28T17:12:12.778Z"}
{"isOpen":true,"isReady":true,"level":"info","message":"Redis client status","timestamp":"2025-06-28T17:12:16.780Z","url":"redis:<redacted>@localhost:6379"}
{"level":"error","message":"Start server attempt 2/3 failed: Can't reach database server at `localhost:5432`\n\nPlease make sure your database server is running at `localhost:5432`.","rawError":"{\"clientVersion\":\"6.10.1\",\"errorCode\":\"P1001\",\"name\":\"PrismaClientInitializationError\"}","stack":"PrismaClientInitializationError: Can't reach database server at `localhost:5432`\n\nPlease make sure your database server is running at `localhost:5432`.\n    at r (/Users/funmishonubi/Downloads/Quicrefil_backend-main 2/CustomerServices/node_modules/.prisma/client/runtime/library.js:115:2565)\n    at startServer (/Users/funmishonubi/Downloads/Quicrefil_backend-main 2/CustomerServices/src/index.ts:429:7)\n    at main (/Users/funmishonubi/Downloads/Quicrefil_backend-main 2/CustomerServices/src/index.ts:483:5)","timestamp":"2025-06-28T17:12:16.784Z"}
{"isOpen":true,"isReady":true,"level":"info","message":"Redis client status","timestamp":"2025-06-28T17:12:22.786Z","url":"redis:<redacted>@localhost:6379"}
{"level":"error","message":"Start server attempt 3/3 failed: Can't reach database server at `localhost:5432`\n\nPlease make sure your database server is running at `localhost:5432`.","rawError":"{\"clientVersion\":\"6.10.1\",\"errorCode\":\"P1001\",\"name\":\"PrismaClientInitializationError\"}","stack":"PrismaClientInitializationError: Can't reach database server at `localhost:5432`\n\nPlease make sure your database server is running at `localhost:5432`.\n    at r (/Users/funmishonubi/Downloads/Quicrefil_backend-main 2/CustomerServices/node_modules/.prisma/client/runtime/library.js:115:2565)\n    at startServer (/Users/funmishonubi/Downloads/Quicrefil_backend-main 2/CustomerServices/src/index.ts:429:7)\n    at main (/Users/funmishonubi/Downloads/Quicrefil_backend-main 2/CustomerServices/src/index.ts:483:5)","timestamp":"2025-06-28T17:12:22.791Z"}
{"error":{"clientVersion":"6.10.1","errorCode":"P1001","name":"PrismaClientInitializationError"},"level":"error","message":"Failed to start Customer Service after 3 attempts","timestamp":"2025-06-28T17:12:22.792Z"}
{"error":"Can't reach database server at `localhost:5432`\n\nPlease make sure your database server is running at `localhost:5432`.","level":"error","message":"Application startup failed","stack":"PrismaClientInitializationError: Can't reach database server at `localhost:5432`\n\nPlease make sure your database server is running at `localhost:5432`.\n    at r (/Users/funmishonubi/Downloads/Quicrefil_backend-main 2/CustomerServices/node_modules/.prisma/client/runtime/library.js:115:2565)\n    at startServer (/Users/funmishonubi/Downloads/Quicrefil_backend-main 2/CustomerServices/src/index.ts:429:7)\n    at main (/Users/funmishonubi/Downloads/Quicrefil_backend-main 2/CustomerServices/src/index.ts:483:5)","timestamp":"2025-06-28T17:12:22.793Z"}
{"level":"info","message":"Starting Customer Service...","timestamp":"2025-06-28T17:13:47.186Z"}
{"level":"info","message":"NODE_ENV: development","timestamp":"2025-06-28T17:13:47.187Z"}
{"level":"info","message":"API_PORT: 5000","timestamp":"2025-06-28T17:13:47.188Z"}
{"level":"info","message":"API_GATEWAY_URL: http://localhost:4000","timestamp":"2025-06-28T17:13:47.188Z"}
{"level":"info","message":"CORS_ORIGINS: http://localhost:4000, https://2f67-102-91-4-93.ngrok-free.app","timestamp":"2025-06-28T17:13:47.188Z"}
{"level":"info","message":"LOG_DIR: ./logs","timestamp":"2025-06-28T17:13:47.188Z"}
{"level":"info","message":"REDIS_URL: redis:<redacted>@localhost:6379","timestamp":"2025-06-28T17:13:47.189Z"}
{"level":"info","message":"Loading static Swagger JSON from ./swagger.json","timestamp":"2025-06-28T17:13:47.204Z"}
{"isOpen":true,"isReady":true,"level":"info","message":"Redis client status","timestamp":"2025-06-28T17:13:47.804Z","url":"redis:<redacted>@localhost:6379"}
{"level":"info","message":"Prisma client connected successfully","timestamp":"2025-06-28T17:13:47.836Z"}
{"level":"info","message":"Starting notification worker after Redis and Prisma initialization","timestamp":"2025-06-28T17:13:51.986Z"}
{"level":"info","message":"Starting notification worker","timestamp":"2025-06-28T17:13:51.986Z"}
{"level":"info","message":"Customer Service running on http://0.0.0.0:5000/api/customer","timestamp":"2025-06-28T17:13:51.988Z"}
{"level":"info","message":"WebSocket Server running on ws://0.0.0.0:5000/ws","timestamp":"2025-06-28T17:13:51.989Z"}
{"level":"info","message":"Swagger UI available at http://0.0.0.0:5000/api-docs","timestamp":"2025-06-28T17:13:51.989Z"}
{"level":"info","message":"Proxied via API Gateway at http://localhost:4000/api-docs/customer","timestamp":"2025-06-28T17:13:51.989Z"}
{"level":"info","message":"Using API Gateway at http://localhost:4000","timestamp":"2025-06-28T17:13:51.989Z"}
{"level":"info","message":"Starting notification worker","timestamp":"2025-06-30T06:12:26.119Z"}
{"level":"info","message":"Stopping notification worker","timestamp":"2025-06-30T06:35:03.234Z"}
{"level":"info","message":"Starting notification worker","timestamp":"2025-06-30T06:35:17.321Z"}
{"level":"info","message":"Stopping notification worker","timestamp":"2025-06-30T06:40:45.655Z"}
{"level":"info","message":"Starting notification worker","timestamp":"2025-06-30T06:40:58.013Z"}
{"level":"info","message":"Starting notification worker","timestamp":"2025-06-30T06:43:02.824Z"}
{"level":"info","message":"Stopping notification worker","timestamp":"2025-06-30T08:15:04.626Z"}
{"level":"info","message":"Starting notification worker","timestamp":"2025-06-30T08:15:31.258Z"}
{"level":"info","message":"Stopping notification worker","timestamp":"2025-06-30T08:16:01.222Z"}
{"level":"info","message":"Starting notification worker","timestamp":"2025-06-30T08:16:15.438Z"}
{"level":"info","message":"Stopping notification worker","timestamp":"2025-06-30T08:16:52.150Z"}
{"level":"info","message":"Starting notification worker","timestamp":"2025-06-30T08:17:06.878Z"}
{"level":"info","message":"Stopping notification worker","timestamp":"2025-06-30T08:20:37.054Z"}
{"level":"info","message":"Starting notification worker","timestamp":"2025-06-30T08:20:49.590Z"}
{"level":"info","message":"Stopping notification worker","timestamp":"2025-06-30T08:20:54.082Z"}
{"level":"info","message":"Starting notification worker","timestamp":"2025-06-30T08:21:08.345Z"}
{"level":"info","message":"Stopping notification worker","timestamp":"2025-06-30T08:21:08.585Z"}
{"level":"info","message":"Starting notification worker","timestamp":"2025-06-30T08:21:22.456Z"}
{"level":"info","message":"Starting notification worker","timestamp":"2025-06-30T08:50:01.380Z"}
{"level":"info","message":"Stopping notification worker","timestamp":"2025-06-30T08:52:27.222Z"}
{"level":"info","message":"Starting notification worker","timestamp":"2025-06-30T08:53:14.854Z"}
{"level":"info","message":"Stopping notification worker","timestamp":"2025-06-30T08:53:32.996Z"}
{"level":"info","message":"Starting notification worker","timestamp":"2025-06-30T08:53:52.230Z"}
{"level":"info","message":"Stopping notification worker","timestamp":"2025-06-30T08:54:01.610Z"}
{"level":"info","message":"Starting notification worker","timestamp":"2025-06-30T08:54:18.848Z"}
{"level":"info","message":"Stopping notification worker","timestamp":"2025-06-30T09:05:40.463Z"}
{"level":"info","message":"Starting notification worker","timestamp":"2025-06-30T09:06:01.264Z"}
{"level":"info","message":"Stopping notification worker","timestamp":"2025-06-30T09:06:22.626Z"}
{"level":"info","message":"Starting notification worker","timestamp":"2025-06-30T09:06:41.670Z"}
{"level":"info","message":"Stopping notification worker","timestamp":"2025-06-30T09:09:57.147Z"}
{"level":"info","message":"Starting notification worker","timestamp":"2025-06-30T09:10:15.640Z"}
{"level":"info","message":"Stopping notification worker","timestamp":"2025-06-30T09:11:35.796Z"}
{"level":"info","message":"Starting notification worker","timestamp":"2025-06-30T09:11:54.920Z"}
{"level":"info","message":"Stopping notification worker","timestamp":"2025-06-30T09:12:56.382Z"}
{"level":"info","message":"Starting notification worker","timestamp":"2025-06-30T09:13:17.516Z"}
{"level":"info","message":"Stopping notification worker","timestamp":"2025-06-30T09:15:02.147Z"}
{"level":"info","message":"Starting notification worker","timestamp":"2025-06-30T09:15:24.213Z"}
{"level":"info","message":"Starting notification worker","timestamp":"2025-06-30T09:40:04.560Z"}
{"level":"info","message":"Stopping notification worker","timestamp":"2025-06-30T09:45:31.765Z"}
{"level":"info","message":"Starting notification worker","timestamp":"2025-06-30T09:45:50.916Z"}
{"level":"info","message":"Stopping notification worker","timestamp":"2025-06-30T09:51:47.250Z"}
{"level":"info","message":"Starting notification worker","timestamp":"2025-06-30T09:52:05.815Z"}
{"level":"info","message":"Starting notification worker","timestamp":"2025-06-30T10:51:07.939Z"}
{"level":"info","message":"Stopping notification worker","timestamp":"2025-06-30T10:51:31.150Z"}
{"level":"info","message":"Starting notification worker","timestamp":"2025-06-30T10:52:02.175Z"}
{"level":"info","message":"Starting notification worker","timestamp":"2025-06-30T11:06:27.945Z"}
{"level":"info","message":"Starting notification worker","timestamp":"2025-06-30T11:46:02.445Z"}
{"level":"info","message":"Stopping notification worker","timestamp":"2025-06-30T11:46:12.413Z"}
{"level":"info","message":"Starting notification worker","timestamp":"2025-06-30T11:46:32.722Z"}
{"level":"info","message":"Starting notification worker","timestamp":"2025-06-30T12:39:32.193Z"}
{"level":"info","message":"Stopping notification worker","timestamp":"2025-06-30T12:40:52.862Z"}
{"level":"info","message":"Starting notification worker","timestamp":"2025-06-30T12:41:19.691Z"}
{"level":"info","message":"Starting notification worker","timestamp":"2025-07-01T13:58:13.674Z"}
{"level":"info","message":"Stopping notification worker","timestamp":"2025-07-01T14:12:41.416Z"}
{"level":"info","message":"Starting notification worker","timestamp":"2025-07-01T14:12:57.500Z"}
{"level":"info","message":"Starting notification worker","timestamp":"2025-07-01T14:41:08.852Z"}
{"level":"info","message":"Starting notification worker","timestamp":"2025-07-01T14:41:51.625Z"}
{"level":"info","message":"Starting notification worker","timestamp":"2025-07-01T14:42:31.784Z"}
{"level":"info","message":"Starting notification worker","timestamp":"2025-07-01T15:33:52.441Z"}
{"level":"info","message":"Starting notification worker","timestamp":"2025-07-01T16:38:07.091Z"}
{"level":"info","message":"Stopping notification worker","timestamp":"2025-07-01T17:17:55.905Z"}
{"level":"info","message":"Starting notification worker","timestamp":"2025-07-01T17:18:44.803Z"}
{"level":"info","message":"Starting notification worker","timestamp":"2025-07-01T18:09:42.510Z"}
{"level":"info","message":"Starting notification worker","timestamp":"2025-07-01T20:35:13.475Z"}
{"level":"info","message":"Starting notification worker","timestamp":"2025-07-01T20:42:39.769Z"}
{"level":"info","message":"Starting notification worker","timestamp":"2025-07-01T20:43:37.192Z"}
{"level":"info","message":"Starting notification worker","timestamp":"2025-07-01T20:46:36.635Z"}
{"level":"info","message":"Starting notification worker","timestamp":"2025-07-01T20:56:31.498Z"}
{"level":"info","message":"Starting notification worker","timestamp":"2025-07-01T20:58:42.635Z"}
{"level":"info","message":"Starting notification worker","timestamp":"2025-07-01T21:08:52.134Z"}
{"level":"info","message":"Starting notification worker","timestamp":"2025-07-01T21:16:52.918Z"}
{"level":"info","message":"Starting notification worker","timestamp":"2025-07-01T21:18:08.458Z"}
{"level":"info","message":"Stopping notification worker","timestamp":"2025-07-01T21:20:38.792Z"}
{"level":"info","message":"Starting notification worker","timestamp":"2025-07-01T21:20:52.980Z"}
{"level":"info","message":"Stopping notification worker","timestamp":"2025-07-01T21:46:46.449Z"}
{"level":"info","message":"Starting notification worker","timestamp":"2025-07-01T21:54:14.066Z"}
{"level":"info","message":"Starting notification worker","timestamp":"2025-07-01T22:12:14.294Z"}
{"level":"info","message":"Starting notification worker","timestamp":"2025-07-01T22:33:17.529Z"}
{"level":"info","message":"Starting notification worker","timestamp":"2025-07-01T22:34:49.415Z"}
{"level":"info","message":"Starting notification worker","timestamp":"2025-07-01T22:46:12.745Z"}
{"level":"info","message":"Starting notification worker","timestamp":"2025-07-01T22:46:30.958Z"}
{"level":"info","message":"Starting notification worker","timestamp":"2025-07-01T22:46:48.392Z"}
{"level":"info","message":"Starting notification worker","timestamp":"2025-07-01T22:47:09.391Z"}
{"level":"info","message":"Starting notification worker","timestamp":"2025-07-01T22:47:23.351Z"}
{"level":"info","message":"Starting notification worker","timestamp":"2025-07-01T22:47:45.648Z"}
{"level":"info","message":"Starting notification worker","timestamp":"2025-07-01T22:48:06.289Z"}
{"level":"info","message":"Starting notification worker","timestamp":"2025-07-01T22:48:50.881Z"}
{"level":"info","message":"Starting notification worker","timestamp":"2025-07-01T22:50:19.277Z"}
{"level":"info","message":"Starting notification worker","timestamp":"2025-07-01T22:50:53.346Z"}
{"level":"info","message":"Stopping notification worker","timestamp":"2025-07-01T22:50:54.281Z"}
{"level":"info","message":"Starting notification worker","timestamp":"2025-07-01T22:51:04.593Z"}
{"level":"info","message":"Starting notification worker","timestamp":"2025-07-01T22:52:24.367Z"}
{"level":"info","message":"Starting notification worker","timestamp":"2025-07-01T22:54:01.550Z"}
{"level":"info","message":"Starting notification worker","timestamp":"2025-07-01T23:06:28.931Z"}
{"level":"info","message":"Starting notification worker","timestamp":"2025-07-01T23:06:53.323Z"}
{"level":"info","message":"Starting notification worker","timestamp":"2025-07-01T23:08:05.233Z"}
{"level":"info","message":"Starting notification worker","timestamp":"2025-07-01T23:11:24.249Z"}
{"level":"info","message":"Starting notification worker","timestamp":"2025-07-01T23:13:46.877Z"}
{"level":"info","message":"Starting notification worker","timestamp":"2025-07-01T23:14:24.993Z"}
{"level":"info","message":"Stopping notification worker","timestamp":"2025-07-01T23:14:51.074Z"}
{"level":"info","message":"Starting notification worker","timestamp":"2025-07-01T23:15:04.351Z"}
{"level":"info","message":"Stopping notification worker","timestamp":"2025-07-01T23:15:06.922Z"}
{"level":"info","message":"Starting notification worker","timestamp":"2025-07-01T23:15:18.939Z"}
{"level":"info","message":"Starting notification worker","timestamp":"2025-07-01T23:18:53.789Z"}
{"level":"info","message":"Starting notification worker","timestamp":"2025-07-01T23:23:04.082Z"}
{"level":"info","message":"Starting notification worker","timestamp":"2025-07-01T23:25:49.160Z"}
{"level":"info","message":"Starting notification worker","timestamp":"2025-07-01T23:26:45.446Z"}
{"level":"info","message":"Starting notification worker","timestamp":"2025-07-02T05:10:18.900Z"}
{"level":"info","message":"Starting notification worker","timestamp":"2025-07-02T05:12:49.589Z"}
{"level":"info","message":"Starting notification worker","timestamp":"2025-07-02T05:21:04.308Z"}
{"level":"info","message":"Starting notification worker","timestamp":"2025-07-02T06:02:17.225Z"}
{"level":"info","message":"Starting notification worker","timestamp":"2025-07-02T06:02:58.551Z"}
{"level":"info","message":"Starting notification worker","timestamp":"2025-07-02T06:03:40.469Z"}
{"level":"info","message":"Stopping notification worker","timestamp":"2025-07-02T06:08:10.983Z"}
{"level":"info","message":"Starting notification worker","timestamp":"2025-07-02T06:08:26.897Z"}
{"level":"info","message":"Starting notification worker","timestamp":"2025-07-02T06:08:48.474Z"}
{"level":"info","message":"Starting notification worker","timestamp":"2025-07-02T06:13:39.780Z"}
{"level":"info","message":"Starting notification worker","timestamp":"2025-07-02T08:12:45.397Z"}
{"level":"info","message":"Starting notification worker","timestamp":"2025-07-02T09:03:43.723Z"}
{"level":"info","message":"Starting notification worker","timestamp":"2025-07-02T09:05:18.599Z"}
{"level":"info","message":"Starting notification worker","timestamp":"2025-07-02T09:05:30.329Z"}
{"level":"info","message":"Starting notification worker","timestamp":"2025-07-02T09:08:53.262Z"}
{"level":"info","message":"Starting notification worker","timestamp":"2025-07-02T09:09:37.321Z"}
{"level":"info","message":"Starting notification worker","timestamp":"2025-07-02T09:10:00.431Z"}
{"level":"info","message":"Starting notification worker","timestamp":"2025-07-02T09:10:39.609Z"}
{"level":"info","message":"Stopping notification worker","timestamp":"2025-07-02T09:10:43.289Z"}
{"level":"info","message":"Starting notification worker","timestamp":"2025-07-02T09:10:56.586Z"}
{"level":"info","message":"Starting notification worker","timestamp":"2025-07-02T09:19:27.337Z"}
{"level":"info","message":"Starting notification worker","timestamp":"2025-07-02T09:26:46.153Z"}
{"level":"info","message":"Starting notification worker","timestamp":"2025-07-02T09:27:46.142Z"}
{"level":"info","message":"Starting notification worker","timestamp":"2025-07-02T09:28:19.284Z"}
{"level":"info","message":"Starting notification worker","timestamp":"2025-07-02T09:31:01.441Z"}
{"level":"info","message":"Starting notification worker","timestamp":"2025-07-02T09:32:36.567Z"}
{"level":"info","message":"Starting notification worker","timestamp":"2025-07-02T09:36:02.594Z"}
{"level":"info","message":"Starting notification worker","timestamp":"2025-07-02T09:41:36.314Z"}
{"level":"info","message":"Starting notification worker","timestamp":"2025-07-02T09:42:15.329Z"}
{"level":"info","message":"Starting notification worker","timestamp":"2025-07-02T09:42:29.878Z"}
{"level":"info","message":"Starting notification worker","timestamp":"2025-07-02T09:44:19.357Z"}
{"level":"info","message":"Starting notification worker","timestamp":"2025-07-02T09:45:47.344Z"}
{"level":"info","message":"Starting notification worker","timestamp":"2025-07-02T09:52:41.447Z"}
{"level":"info","message":"Starting notification worker","timestamp":"2025-07-02T09:53:29.297Z"}
{"level":"info","message":"Starting notification worker","timestamp":"2025-07-02T09:54:03.474Z"}
{"level":"info","message":"Starting notification worker","timestamp":"2025-07-02T09:58:17.077Z"}
{"level":"info","message":"Starting notification worker","timestamp":"2025-07-02T09:58:43.942Z"}
{"level":"info","message":"Stopping notification worker","timestamp":"2025-07-02T09:59:05.250Z"}
{"level":"info","message":"Starting notification worker","timestamp":"2025-07-02T09:59:19.659Z"}
{"level":"info","message":"Starting notification worker","timestamp":"2025-07-02T10:04:59.054Z"}
{"level":"info","message":"Starting notification worker","timestamp":"2025-07-02T10:05:40.672Z"}
{"level":"info","message":"Starting notification worker","timestamp":"2025-07-02T10:15:43.557Z"}
{"level":"info","message":"Starting notification worker","timestamp":"2025-07-02T10:16:20.184Z"}
{"level":"info","message":"Starting notification worker","timestamp":"2025-07-02T10:16:54.701Z"}
{"level":"info","message":"Stopping notification worker","timestamp":"2025-07-02T10:19:08.582Z"}
{"level":"info","message":"Starting notification worker","timestamp":"2025-07-02T10:43:26.750Z"}
{"level":"info","message":"Stopping notification worker","timestamp":"2025-07-02T10:49:14.225Z"}
{"level":"info","message":"Starting notification worker","timestamp":"2025-07-02T10:49:27.649Z"}
{"level":"info","message":"Stopping notification worker","timestamp":"2025-07-02T10:49:38.552Z"}
{"level":"info","message":"Starting notification worker","timestamp":"2025-07-02T10:49:52.626Z"}
{"level":"info","message":"Starting notification worker","timestamp":"2025-07-02T11:00:29.643Z"}
{"level":"info","message":"Starting notification worker","timestamp":"2025-07-02T11:00:52.497Z"}
{"level":"info","message":"Starting notification worker","timestamp":"2025-07-02T11:01:15.117Z"}
{"level":"info","message":"Starting notification worker","timestamp":"2025-07-02T11:04:25.772Z"}
{"level":"info","message":"Starting notification worker","timestamp":"2025-07-02T11:05:00.856Z"}
{"level":"info","message":"Starting notification worker","timestamp":"2025-07-02T11:05:32.399Z"}
{"level":"info","message":"Starting notification worker","timestamp":"2025-07-02T11:05:49.893Z"}
{"level":"info","message":"Starting notification worker","timestamp":"2025-07-02T11:08:55.011Z"}
{"level":"info","message":"Starting notification worker","timestamp":"2025-07-02T11:09:50.258Z"}
{"level":"info","message":"Starting notification worker","timestamp":"2025-07-02T11:10:37.209Z"}
{"level":"info","message":"Starting notification worker","timestamp":"2025-07-02T11:20:27.383Z"}
{"level":"info","message":"Starting notification worker","timestamp":"2025-07-02T11:21:24.518Z"}
{"level":"info","message":"Stopping notification worker","timestamp":"2025-07-02T11:21:28.769Z"}
{"level":"info","message":"Starting notification worker","timestamp":"2025-07-02T11:21:44.613Z"}
{"level":"info","message":"Starting notification worker","timestamp":"2025-07-02T11:35:46.785Z"}
{"level":"info","message":"Starting notification worker","timestamp":"2025-07-02T11:40:28.387Z"}
{"level":"info","message":"Starting notification worker","timestamp":"2025-07-02T11:46:04.748Z"}
{"level":"info","message":"Starting notification worker","timestamp":"2025-07-02T11:46:20.952Z"}
{"level":"info","message":"Starting notification worker","timestamp":"2025-07-02T11:47:06.053Z"}
{"level":"info","message":"Starting notification worker","timestamp":"2025-07-02T11:47:51.499Z"}
{"level":"info","message":"Starting notification worker","timestamp":"2025-07-02T11:48:15.789Z"}
{"level":"info","message":"Starting notification worker","timestamp":"2025-07-02T11:53:22.408Z"}
{"level":"info","message":"Stopping notification worker","timestamp":"2025-07-02T12:00:19.979Z"}
{"level":"info","message":"Starting notification worker","timestamp":"2025-07-02T12:00:39.285Z"}
{"level":"info","message":"Starting notification worker","timestamp":"2025-07-02T12:01:02.950Z"}
{"level":"info","message":"Stopping notification worker","timestamp":"2025-07-02T12:01:02.994Z"}
{"level":"info","message":"Starting notification worker","timestamp":"2025-07-02T12:01:16.962Z"}
{"level":"info","message":"Starting notification worker","timestamp":"2025-07-02T12:02:41.124Z"}
{"level":"info","message":"Starting notification worker","timestamp":"2025-07-02T12:03:43.628Z"}
{"level":"info","message":"Starting notification worker","timestamp":"2025-07-02T12:03:58.793Z"}
{"level":"info","message":"Starting notification worker","timestamp":"2025-07-02T12:09:00.930Z"}
{"level":"info","message":"Starting notification worker","timestamp":"2025-07-02T12:09:55.936Z"}
{"level":"info","message":"Starting notification worker","timestamp":"2025-07-02T12:10:20.263Z"}
{"level":"info","message":"Stopping notification worker","timestamp":"2025-07-02T12:13:23.166Z"}
{"level":"info","message":"Starting notification worker","timestamp":"2025-07-02T16:50:45.091Z"}
{"level":"info","message":"Stopping notification worker","timestamp":"2025-07-02T16:51:35.053Z"}
{"level":"info","message":"Starting notification worker","timestamp":"2025-07-02T16:51:55.590Z"}
{"level":"info","message":"Stopping notification worker","timestamp":"2025-07-02T17:01:01.576Z"}
{"level":"info","message":"Starting notification worker","timestamp":"2025-07-02T17:01:27.640Z"}
{"level":"info","message":"Starting notification worker","timestamp":"2025-07-03T10:27:55.578Z"}
{"level":"info","message":"Starting notification worker","timestamp":"2025-07-03T10:29:09.390Z"}
{"level":"info","message":"Stopping notification worker","timestamp":"2025-07-03T10:30:32.598Z"}
{"level":"info","message":"Starting notification worker","timestamp":"2025-07-03T12:16:09.717Z"}
{"level":"info","message":"Starting notification worker","timestamp":"2025-07-03T13:26:25.870Z"}
{"level":"info","message":"Starting notification worker","timestamp":"2025-07-03T16:03:53.586Z"}
{"level":"info","message":"Stopping notification worker","timestamp":"2025-07-04T07:34:59.822Z"}
{"level":"info","message":"Starting notification worker","timestamp":"2025-07-04T07:35:16.221Z"}
{"level":"info","message":"Starting notification worker","timestamp":"2025-07-04T11:49:09.701Z"}
{"level":"info","message":"Starting notification worker","timestamp":"2025-07-04T12:18:15.691Z"}
{"level":"info","message":"Starting notification worker","timestamp":"2025-07-04T12:33:54.810Z"}
{"level":"info","message":"Starting notification worker","timestamp":"2025-07-04T12:55:27.920Z"}
{"level":"info","message":"Stopping notification worker","timestamp":"2025-07-04T13:16:04.748Z"}
{"level":"info","message":"Starting notification worker","timestamp":"2025-07-04T13:16:18.414Z"}
{"level":"info","message":"Stopping notification worker","timestamp":"2025-07-04T16:01:15.694Z"}
{"level":"info","message":"Starting notification worker","timestamp":"2025-07-04T16:01:30.102Z"}
{"level":"info","message":"Stopping notification worker","timestamp":"2025-07-04T16:04:09.818Z"}
{"level":"info","message":"Starting notification worker","timestamp":"2025-07-04T16:04:24.706Z"}
{"level":"info","message":"Stopping notification worker","timestamp":"2025-07-04T18:11:32.539Z"}
{"level":"info","message":"Starting notification worker","timestamp":"2025-07-04T18:11:47.131Z"}
{"level":"info","message":"Starting notification worker","timestamp":"2025-07-05T12:06:53.975Z"}
{"level":"info","message":"Starting notification worker","timestamp":"2025-07-05T13:32:54.081Z"}
{"level":"info","message":"Stopping notification worker","timestamp":"2025-07-05T13:33:51.315Z"}
{"level":"info","message":"Starting notification worker","timestamp":"2025-07-05T13:34:34.331Z"}
{"level":"info","message":"Stopping notification worker","timestamp":"2025-07-05T13:43:54.666Z"}
{"level":"info","message":"Starting notification worker","timestamp":"2025-07-05T13:44:11.342Z"}
{"level":"info","message":"Stopping notification worker","timestamp":"2025-07-05T13:44:31.977Z"}
{"level":"info","message":"Starting notification worker","timestamp":"2025-07-05T13:45:16.018Z"}
{"level":"info","message":"Stopping notification worker","timestamp":"2025-07-05T13:46:52.418Z"}
{"level":"info","message":"Starting notification worker","timestamp":"2025-07-05T13:47:17.334Z"}
{"level":"info","message":"Stopping notification worker","timestamp":"2025-07-05T14:04:03.811Z"}
{"level":"info","message":"Starting notification worker","timestamp":"2025-07-05T14:04:30.614Z"}
{"level":"info","message":"Stopping notification worker","timestamp":"2025-07-05T14:05:43.278Z"}
{"level":"info","message":"Starting notification worker","timestamp":"2025-07-05T14:06:11.117Z"}
{"level":"info","message":"Stopping notification worker","timestamp":"2025-07-05T14:06:48.992Z"}
{"level":"info","message":"Starting notification worker","timestamp":"2025-07-05T14:07:14.123Z"}
{"level":"info","message":"Stopping notification worker","timestamp":"2025-07-05T14:07:27.169Z"}
{"level":"info","message":"Starting notification worker","timestamp":"2025-07-05T14:07:51.430Z"}
{"level":"info","message":"Starting notification worker","timestamp":"2025-07-05T14:09:09.038Z"}
{"level":"info","message":"Stopping notification worker","timestamp":"2025-07-05T14:19:05.819Z"}
{"level":"info","message":"Starting notification worker","timestamp":"2025-07-05T14:26:41.007Z"}
{"level":"info","message":"Starting notification worker","timestamp":"2025-07-05T14:40:45.540Z"}
{"level":"info","message":"Stopping notification worker","timestamp":"2025-07-05T14:40:50.060Z"}
{"level":"info","message":"Starting notification worker","timestamp":"2025-07-05T14:41:07.005Z"}
{"level":"info","message":"Stopping notification worker","timestamp":"2025-07-05T14:41:39.466Z"}
{"level":"info","message":"Starting notification worker","timestamp":"2025-07-05T14:41:51.523Z"}
{"level":"info","message":"Stopping notification worker","timestamp":"2025-07-05T14:42:19.062Z"}
{"level":"info","message":"Starting notification worker","timestamp":"2025-07-05T14:45:02.729Z"}
{"level":"info","message":"Starting notification worker","timestamp":"2025-07-05T15:12:42.587Z"}
{"level":"info","message":"Stopping notification worker","timestamp":"2025-07-05T15:12:52.940Z"}
{"level":"info","message":"Starting notification worker","timestamp":"2025-07-05T15:13:48.962Z"}
{"level":"info","message":"Starting notification worker","timestamp":"2025-07-05T15:27:03.501Z"}
{"level":"info","message":"Starting notification worker","timestamp":"2025-07-05T16:58:03.267Z"}
{"level":"info","message":"Stopping notification worker","timestamp":"2025-07-05T16:58:06.192Z"}
{"level":"info","message":"Starting notification worker","timestamp":"2025-07-05T16:58:24.293Z"}
{"level":"info","message":"Stopping notification worker","timestamp":"2025-07-05T17:04:31.406Z"}
{"level":"info","message":"Starting notification worker","timestamp":"2025-07-05T17:04:51.177Z"}
{"level":"info","message":"Stopping notification worker","timestamp":"2025-07-05T17:05:38.275Z"}
{"level":"info","message":"Starting notification worker","timestamp":"2025-07-05T17:05:54.785Z"}
{"level":"info","message":"Stopping notification worker","timestamp":"2025-07-05T17:05:58.249Z"}
{"level":"info","message":"Starting notification worker","timestamp":"2025-07-05T17:06:15.136Z"}
{"level":"info","message":"Stopping notification worker","timestamp":"2025-07-05T17:09:50.507Z"}
{"level":"info","message":"Starting notification worker","timestamp":"2025-07-05T17:10:09.837Z"}
{"level":"info","message":"Stopping notification worker","timestamp":"2025-07-05T17:29:54.767Z"}
{"level":"info","message":"Starting notification worker","timestamp":"2025-07-05T17:30:13.688Z"}
{"level":"info","message":"Stopping notification worker","timestamp":"2025-07-05T17:47:55.190Z"}
{"level":"info","message":"Starting notification worker","timestamp":"2025-07-05T17:48:13.553Z"}
{"level":"info","message":"Stopping notification worker","timestamp":"2025-07-05T17:49:28.517Z"}
{"level":"info","message":"Starting notification worker","timestamp":"2025-07-05T17:49:44.408Z"}
{"level":"info","message":"Stopping notification worker","timestamp":"2025-07-05T17:50:41.906Z"}
{"level":"info","message":"Stopping notification worker","timestamp":"2025-07-05T17:50:56.162Z"}
{"level":"info","message":"Starting notification worker","timestamp":"2025-07-05T17:51:14.758Z"}
{"level":"info","message":"Stopping notification worker","timestamp":"2025-07-05T17:54:48.254Z"}
{"level":"info","message":"Starting notification worker","timestamp":"2025-07-05T17:55:06.888Z"}
{"level":"info","message":"Stopping notification worker","timestamp":"2025-07-05T17:59:06.322Z"}
{"level":"info","message":"Starting notification worker","timestamp":"2025-07-05T17:59:22.691Z"}
{"level":"info","message":"Stopping notification worker","timestamp":"2025-07-05T17:59:49.171Z"}
{"level":"info","message":"Starting notification worker","timestamp":"2025-07-05T18:01:05.669Z"}
{"level":"info","message":"Starting notification worker","timestamp":"2025-07-05T18:25:56.845Z"}
{"level":"info","message":"Stopping notification worker","timestamp":"2025-07-05T18:29:49.992Z"}
{"level":"info","message":"Starting notification worker","timestamp":"2025-07-05T18:30:11.707Z"}
{"level":"info","message":"Starting notification worker","timestamp":"2025-07-05T18:38:53.096Z"}
{"level":"info","message":"Stopping notification worker","timestamp":"2025-07-05T18:41:36.016Z"}
{"level":"info","message":"Starting notification worker","timestamp":"2025-07-05T18:41:57.545Z"}
{"level":"info","message":"Starting notification worker","timestamp":"2025-07-05T18:43:13.035Z"}
{"level":"info","message":"Starting notification worker","timestamp":"2025-07-05T19:03:27.421Z"}
{"level":"info","message":"Starting notification worker","timestamp":"2025-07-05T19:08:39.070Z"}
{"level":"info","message":"Stopping notification worker","timestamp":"2025-07-05T19:14:13.015Z"}
{"level":"info","message":"Starting notification worker","timestamp":"2025-07-05T19:20:17.883Z"}
{"level":"info","message":"Starting notification worker","timestamp":"2025-07-05T19:22:27.953Z"}
{"level":"info","message":"Starting notification worker","timestamp":"2025-07-05T20:07:03.250Z"}
{"level":"info","message":"Stopping notification worker","timestamp":"2025-07-05T20:07:07.924Z"}
{"level":"info","message":"Starting notification worker","timestamp":"2025-07-05T20:07:26.258Z"}
{"level":"info","message":"Starting notification worker","timestamp":"2025-07-05T20:16:24.894Z"}
{"level":"info","message":"Stopping notification worker","timestamp":"2025-07-05T20:22:24.256Z"}
{"level":"info","message":"Starting notification worker","timestamp":"2025-07-05T20:22:51.288Z"}
{"level":"info","message":"Starting notification worker","timestamp":"2025-07-05T21:28:18.424Z"}
{"level":"info","message":"Stopping notification worker","timestamp":"2025-07-05T21:28:36.234Z"}
{"level":"info","message":"Starting notification worker","timestamp":"2025-07-05T21:28:58.247Z"}
{"level":"info","message":"Stopping notification worker","timestamp":"2025-07-05T21:30:37.474Z"}
{"level":"info","message":"Starting notification worker","timestamp":"2025-07-05T21:30:53.317Z"}
{"level":"info","message":"Stopping notification worker","timestamp":"2025-07-05T21:31:23.282Z"}
{"level":"info","message":"Starting notification worker","timestamp":"2025-07-05T21:31:36.313Z"}
{"level":"info","message":"Starting notification worker","timestamp":"2025-07-06T00:10:56.874Z"}
{"level":"info","message":"Stopping notification worker","timestamp":"2025-07-06T00:12:13.807Z"}
{"level":"info","message":"Starting notification worker","timestamp":"2025-07-06T00:12:43.545Z"}
{"level":"info","message":"Starting notification worker","timestamp":"2025-07-06T06:00:19.060Z"}
{"level":"info","message":"Starting notification worker","timestamp":"2025-07-06T06:01:12.479Z"}
{"level":"info","message":"Stopping notification worker","timestamp":"2025-07-06T06:01:17.621Z"}
{"level":"info","message":"Starting notification worker","timestamp":"2025-07-06T06:01:45.816Z"}
{"level":"info","message":"Starting notification worker","timestamp":"2025-07-06T08:28:15.124Z"}
{"level":"info","message":"Stopping notification worker","timestamp":"2025-07-06T08:28:38.962Z"}
{"level":"info","message":"Starting notification worker","timestamp":"2025-07-06T08:28:52.414Z"}
{"level":"info","message":"Stopping notification worker","timestamp":"2025-07-06T08:28:58.543Z"}
{"level":"info","message":"Starting notification worker","timestamp":"2025-07-06T08:29:48.027Z"}
{"level":"info","message":"Stopping notification worker","timestamp":"2025-07-06T08:39:59.255Z"}
{"level":"info","message":"Starting notification worker","timestamp":"2025-07-06T08:40:17.509Z"}
{"level":"info","message":"Starting notification worker","timestamp":"2025-07-06T08:41:00.767Z"}
{"level":"info","message":"Starting notification worker","timestamp":"2025-07-06T08:42:38.573Z"}
{"level":"info","message":"Stopping notification worker","timestamp":"2025-07-06T08:43:52.295Z"}
{"level":"info","message":"Starting notification worker","timestamp":"2025-07-06T08:44:12.209Z"}
{"level":"info","message":"Starting notification worker","timestamp":"2025-07-06T08:47:50.961Z"}
{"level":"info","message":"Starting notification worker","timestamp":"2025-07-06T08:49:53.188Z"}
{"level":"info","message":"Starting notification worker","timestamp":"2025-07-06T09:41:33.116Z"}
{"level":"info","message":"Stopping notification worker","timestamp":"2025-07-06T09:45:26.226Z"}
{"level":"info","message":"Starting notification worker","timestamp":"2025-07-06T09:45:44.914Z"}
{"level":"info","message":"Stopping notification worker","timestamp":"2025-07-06T09:45:54.827Z"}
{"level":"info","message":"Starting notification worker","timestamp":"2025-07-06T09:46:22.816Z"}
{"level":"info","message":"Starting notification worker","timestamp":"2025-07-06T10:05:14.443Z"}
{"level":"info","message":"Starting notification worker","timestamp":"2025-07-06T10:16:39.373Z"}
{"level":"info","message":"Stopping notification worker","timestamp":"2025-07-06T10:17:13.351Z"}
{"level":"info","message":"Stopping notification worker","timestamp":"2025-07-06T10:17:32.620Z"}
{"level":"info","message":"Starting notification worker","timestamp":"2025-07-06T10:19:09.604Z"}
{"level":"info","message":"Starting notification worker","timestamp":"2025-07-06T10:26:07.051Z"}
{"level":"info","message":"Starting notification worker","timestamp":"2025-07-06T11:11:25.114Z"}
{"level":"info","message":"Starting notification worker","timestamp":"2025-07-06T12:05:01.810Z"}
{"level":"info","message":"Starting notification worker","timestamp":"2025-07-06T12:06:20.754Z"}
{"level":"info","message":"Stopping notification worker","timestamp":"2025-07-06T12:09:40.357Z"}
{"level":"info","message":"Starting notification worker","timestamp":"2025-07-06T12:10:29.521Z"}
{"level":"info","message":"Stopping notification worker","timestamp":"2025-07-06T12:11:15.510Z"}
{"level":"info","message":"Starting notification worker","timestamp":"2025-07-06T12:11:41.642Z"}
{"level":"info","message":"Stopping notification worker","timestamp":"2025-07-06T12:11:46.187Z"}
{"level":"info","message":"Starting notification worker","timestamp":"2025-07-06T12:12:07.114Z"}
{"level":"info","message":"Stopping notification worker","timestamp":"2025-07-06T12:15:41.245Z"}
{"level":"info","message":"Stopping notification worker","timestamp":"2025-07-06T12:16:05.280Z"}
{"level":"info","message":"Starting notification worker","timestamp":"2025-07-06T12:16:26.965Z"}
{"level":"info","message":"Stopping notification worker","timestamp":"2025-07-06T12:16:38.076Z"}
{"level":"info","message":"Starting notification worker","timestamp":"2025-07-06T12:17:16.332Z"}
{"level":"info","message":"Starting notification worker","timestamp":"2025-07-06T12:24:16.368Z"}
{"level":"info","message":"Stopping notification worker","timestamp":"2025-07-06T12:24:49.360Z"}
{"level":"info","message":"Starting notification worker","timestamp":"2025-07-06T12:25:15.638Z"}
{"level":"info","message":"Stopping notification worker","timestamp":"2025-07-06T12:28:33.316Z"}
{"level":"info","message":"Starting notification worker","timestamp":"2025-07-06T12:30:13.439Z"}
{"level":"info","message":"Starting notification worker","timestamp":"2025-07-06T12:37:02.076Z"}
{"level":"info","message":"Starting notification worker","timestamp":"2025-07-06T12:46:16.828Z"}
{"level":"info","message":"Starting notification worker","timestamp":"2025-07-06T13:28:01.181Z"}
{"level":"info","message":"Stopping notification worker","timestamp":"2025-07-06T13:29:45.822Z"}
{"level":"info","message":"Starting notification worker","timestamp":"2025-07-06T13:30:20.733Z"}
{"level":"info","message":"Stopping notification worker","timestamp":"2025-07-06T13:31:23.694Z"}
{"level":"info","message":"Starting notification worker","timestamp":"2025-07-06T13:31:36.755Z"}
{"level":"info","message":"Stopping notification worker","timestamp":"2025-07-06T13:32:16.046Z"}
{"level":"info","message":"Starting notification worker","timestamp":"2025-07-06T13:34:46.546Z"}
{"level":"info","message":"Stopping notification worker","timestamp":"2025-07-06T13:38:09.357Z"}
{"level":"info","message":"Starting notification worker","timestamp":"2025-07-06T13:38:22.753Z"}
{"level":"info","message":"Stopping notification worker","timestamp":"2025-07-06T13:42:46.391Z"}
{"level":"info","message":"Starting notification worker","timestamp":"2025-07-06T13:43:29.250Z"}
{"level":"info","message":"Stopping notification worker","timestamp":"2025-07-06T13:45:57.204Z"}
{"level":"info","message":"Starting notification worker","timestamp":"2025-07-06T13:46:11.311Z"}
{"level":"info","message":"Stopping notification worker","timestamp":"2025-07-06T13:53:12.676Z"}
{"level":"info","message":"Starting notification worker","timestamp":"2025-07-06T13:53:28.182Z"}
{"level":"info","message":"Stopping notification worker","timestamp":"2025-07-06T14:39:26.727Z"}
{"level":"info","message":"Starting notification worker","timestamp":"2025-07-06T14:39:41.908Z"}
{"level":"info","message":"Stopping notification worker","timestamp":"2025-07-06T14:39:58.570Z"}
{"level":"info","message":"Starting notification worker","timestamp":"2025-07-06T14:40:12.581Z"}
{"level":"info","message":"Starting notification worker","timestamp":"2025-07-06T14:43:04.967Z"}
{"level":"info","message":"Starting notification worker","timestamp":"2025-07-06T17:05:21.766Z"}
